<?xml version="1.0" encoding="UTF-8"?>
<robot generator="Robot 7.3.2 (Python 3.12.3 on linux)" generated="2025-11-27T10:05:23.085281" rpa="false" schemaversion="5">
<suite id="s1" name="Tests" source="/opt/robot/tests">
<suite id="s1-s1" name="Browser-Tests" source="/opt/robot/tests/browser-tests.robot">
<test id="s1-s1-t1" name="Open Example Page" line="14">
<kw name="New Browser" owner="Browser">
<msg time="2025-11-27T10:05:25.456159" level="INFO">{"browser": "chromium", "headless": true, "chromiumSandbox": false, "devtools": false, "handleSIGHUP": true, "handleSIGINT": true, "handleSIGTERM": true, "slowMo": 0.0, "timeout": 30000.0, "tracesDir": "/opt/robot/results/browser/traces/temp/ccd6542d-e5bb-40e1-b893-a3bda35d8bc1"}</msg>
<msg time="2025-11-27T10:05:25.495817" level="INFO">Starting Browser process /home/pwuser/.venv/lib/python3.12/site-packages/Browser/wrapper/index.js using at 127.0.0.1:58897</msg>
<msg time="2025-11-27T10:05:28.146114" level="INFO">Successfully created browser with options: {"browser":"chromium","headless":true,"chromiumSandbox":false,"devtools":false,"handleSIGHUP":true,"handleSIGINT":true,"handleSIGTERM":true,"slowMo":0,"timeout":30000,"tracesDir":"/opt/robot/results/browser/traces/temp/ccd6542d-e5bb-40e1-b893-a3bda35d8bc1"}</msg>
<arg>headless=${HEADLESS}</arg>
<tag>BrowserControl</tag>
<tag>Setter</tag>
<doc>Create a new playwright Browser with specified options.</doc>
<status status="PASS" start="2025-11-27T10:05:25.410376" elapsed="2.736044"/>
</kw>
<kw name="New Page" owner="Browser">
<msg time="2025-11-27T10:05:28.809469" level="INFO">Successfully initialized new page object and opened url: https://example.com</msg>
<msg time="2025-11-27T10:05:28.809609" level="INFO">No context was open. New context was automatically opened when this page is created.</msg>
<arg>https://example.com</arg>
<tag>BrowserControl</tag>
<tag>Setter</tag>
<doc>Open a new Page.</doc>
<status status="PASS" start="2025-11-27T10:05:28.146807" elapsed="0.663086"/>
</kw>
<kw name="Get Title" owner="Browser">
<msg time="2025-11-27T10:05:28.853261" level="INFO">Title: 'Example Domain'</msg>
<msg time="2025-11-27T10:05:28.853515" level="INFO">${title} = Example Domain</msg>
<var>${title}</var>
<tag>Assertion</tag>
<tag>Getter</tag>
<tag>PageContent</tag>
<doc>Returns the title of the current page.</doc>
<status status="PASS" start="2025-11-27T10:05:28.813042" elapsed="0.040545"/>
</kw>
<kw name="Should Be Equal" owner="BuiltIn">
<arg>${title}</arg>
<arg>Example Domain</arg>
<doc>Fails if the given objects are unequal.</doc>
<status status="PASS" start="2025-11-27T10:05:28.853889" elapsed="0.014483"/>
</kw>
<kw name="Close Browser" owner="Browser">
<msg time="2025-11-27T10:05:28.978956" level="INFO">Closed browser</msg>
<tag>BrowserControl</tag>
<tag>Setter</tag>
<doc>Closes the current browser.</doc>
<status status="PASS" start="2025-11-27T10:05:28.868693" elapsed="0.110543"/>
</kw>
<status status="PASS" start="2025-11-27T10:05:25.408477" elapsed="3.571047"/>
</test>
<test id="s1-s1-t2" name="Simple Resources Smoke" line="21">
<kw name="New Browser" owner="Browser">
<msg time="2025-11-27T10:05:29.030636" level="INFO">{"browser": "chromium", "headless": true, "chromiumSandbox": false, "devtools": false, "handleSIGHUP": true, "handleSIGINT": true, "handleSIGTERM": true, "slowMo": 0.0, "timeout": 30000.0, "tracesDir": "/opt/robot/results/browser/traces/temp/b2cba276-5aa2-48c9-b368-d387dcd6f949"}</msg>
<msg time="2025-11-27T10:05:29.242671" level="INFO">Successfully created browser with options: {"browser":"chromium","headless":true,"chromiumSandbox":false,"devtools":false,"handleSIGHUP":true,"handleSIGINT":true,"handleSIGTERM":true,"slowMo":0,"timeout":30000,"tracesDir":"/opt/robot/results/browser/traces/temp/b2cba276-5aa2-48c9-b368-d387dcd6f949"}</msg>
<arg>headless=${HEADLESS}</arg>
<tag>BrowserControl</tag>
<tag>Setter</tag>
<doc>Create a new playwright Browser with specified options.</doc>
<status status="PASS" start="2025-11-27T10:05:29.025879" elapsed="0.217045"/>
</kw>
<kw name="New Page" owner="Browser">
<msg time="2025-11-27T10:05:29.692024" level="INFO">Keyword 'Take Screenshot  fail-screenshot-{index}' could not be run on failure:
Error: Tried to take screenshot, but no page was open.</msg>
<msg time="2025-11-27T10:05:29.692165" level="INFO">See also file:///opt/robot/results/playwright-log.txt for additional details.</msg>
<msg time="2025-11-27T10:05:29.692855" level="FAIL">Error: page.goto: net::ERR_SSL_PROTOCOL_ERROR at http://app:3000/resources
Call log:
  - navigating to "http://app:3000/resources", waiting until "load"
</msg>
<arg>${BASE}/resources</arg>
<tag>BrowserControl</tag>
<tag>Setter</tag>
<doc>Open a new Page.</doc>
<status status="FAIL" start="2025-11-27T10:05:29.243221" elapsed="0.453716">Error: page.goto: net::ERR_SSL_PROTOCOL_ERROR at http://app:3000/resources
Call log:
  - navigating to "http://app:3000/resources", waiting until "load"
</status>
</kw>
<kw name="Wait For Elements State" owner="Browser">
<arg>css=body</arg>
<arg>visible</arg>
<arg>timeout=20s</arg>
<tag>PageContent</tag>
<tag>Wait</tag>
<doc>Waits for the element found by ``selector`` to satisfy state option.</doc>
<status status="NOT RUN" start="2025-11-27T10:05:29.697339" elapsed="0.011868"/>
</kw>
<kw name="Get Page Source" owner="Browser">
<var>${src}</var>
<tag>Assertion</tag>
<tag>Getter</tag>
<tag>PageContent</tag>
<doc>Gets pages HTML source as a string.</doc>
<status status="NOT RUN" start="2025-11-27T10:05:29.709630" elapsed="0.001545"/>
</kw>
<kw name="Run Keyword And Return Status" owner="BuiltIn">
<var>${has_table}</var>
<arg>Should Contain</arg>
<arg>${src}</arg>
<arg>Instance ID</arg>
<doc>Runs the given keyword with given arguments and returns the status as a Boolean value.</doc>
<status status="NOT RUN" start="2025-11-27T10:05:29.711777" elapsed="0.001153"/>
</kw>
<kw name="Run Keyword If" owner="BuiltIn">
<arg>${has_table}</arg>
<arg>Log</arg>
<arg>Table present</arg>
<arg>ELSE</arg>
<arg>Should Contain</arg>
<arg>${src}</arg>
<arg>No instances</arg>
<doc>Runs the given keyword with the given arguments, if ``condition`` is true.</doc>
<status status="NOT RUN" start="2025-11-27T10:05:29.713316" elapsed="0.001140"/>
</kw>
<kw name="Take Screenshot" owner="Browser">
<tag>PageContent</tag>
<doc>Takes a screenshot of the current window or element and saves it to disk.</doc>
<status status="NOT RUN" start="2025-11-27T10:05:29.714844" elapsed="0.007340"/>
</kw>
<kw name="Close Browser" owner="Browser">
<tag>BrowserControl</tag>
<tag>Setter</tag>
<doc>Closes the current browser.</doc>
<status status="NOT RUN" start="2025-11-27T10:05:29.722523" elapsed="0.001210"/>
</kw>
<msg time="2025-11-27T10:05:29.744462" level="INFO">Switching context to context=7f295f5a-d9c7-4d44-9807-873db894eb6a in CURRENT</msg>
<msg time="2025-11-27T10:05:29.760695" level="INFO">Successfully changed active context: context=7f295f5a-d9c7-4d44-9807-873db894eb6a</msg>
<msg time="2025-11-27T10:05:29.783267" level="INFO">Successfully closed Context</msg>
<doc>Basic smoke: page loads and either shows table headers or "No instances"</doc>
<status status="FAIL" start="2025-11-27T10:05:29.019332" elapsed="0.704812">Error: page.goto: net::ERR_SSL_PROTOCOL_ERROR at http://app:3000/resources
Call log:
  - navigating to "http://app:3000/resources", waiting until "load"
</status>
</test>
<status status="FAIL" start="2025-11-27T10:05:23.169778" elapsed="6.614578"/>
</suite>
<status status="FAIL" start="2025-11-27T10:05:23.089453" elapsed="6.708680"/>
</suite>
<statistics>
<total>
<stat pass="1" fail="1" skip="0">All Tests</stat>
</total>
<tag>
</tag>
<suite>
<stat name="Tests" id="s1" pass="1" fail="1" skip="0">Tests</stat>
<stat name="Browser-Tests" id="s1-s1" pass="1" fail="1" skip="0">Tests.Browser-Tests</stat>
</suite>
</statistics>
<errors>
</errors>
</robot>
